2025-08-03 10:53:34,301 - supply_chain_pipeline - INFO - Pipeline Step: SupplyChainDashboard - STARTED
2025-08-03 10:53:45,958 - supply_chain_pipeline - INFO - Pipeline Step: SupplyChainDashboard - STARTED
2025-08-03 10:53:53,124 - supply_chain_pipeline - INFO - Pipeline Step: SupplyChainDashboard - STARTED
2025-08-03 10:54:06,422 - supply_chain_pipeline - INFO - Pipeline Step: SupplyChainDashboard - STARTED
2025-08-03 10:56:17,184 - supply_chain_pipeline - INFO - Pipeline Step: SupplyChainDashboard - STARTED
2025-08-03 10:56:17,210 - supply_chain_pipeline - INFO - Pipeline Step: SupplyChainMetrics - STARTED
2025-08-03 10:56:17,216 - supply_chain_pipeline - INFO - Calculating all supply chain metrics...
2025-08-03 10:56:17,216 - supply_chain_pipeline - INFO - Calculating lead time metrics...
2025-08-03 10:56:17,235 - supply_chain_pipeline - INFO - Lead time metrics calculated successfully
2025-08-03 10:56:17,235 - supply_chain_pipeline - INFO - Calculating order cycle time...
2025-08-03 10:56:17,244 - supply_chain_pipeline - INFO - Order cycle time calculated successfully
2025-08-03 10:56:17,244 - supply_chain_pipeline - INFO - Calculating inventory turnover metrics...
2025-08-03 10:56:17,254 - supply_chain_pipeline - INFO - Inventory turnover metrics calculated successfully
2025-08-03 10:56:17,254 - supply_chain_pipeline - INFO - Calculating fill rate metrics...
2025-08-03 10:56:17,264 - supply_chain_pipeline - INFO - Fill rate metrics calculated successfully
2025-08-03 10:56:17,265 - supply_chain_pipeline - INFO - Calculating category performance metrics...
2025-08-03 10:56:17,266 - supply_chain_pipeline - WARNING - Category information not available in both datasets
2025-08-03 10:56:17,266 - supply_chain_pipeline - INFO - Calculating return metrics...
2025-08-03 10:56:17,266 - supply_chain_pipeline - INFO - Return metrics calculated successfully
2025-08-03 10:56:17,267 - supply_chain_pipeline - INFO - All supply chain metrics calculated successfully
2025-08-03 10:56:19,216 - supply_chain_pipeline - INFO - Pipeline Step: SupplyChainDashboard - STARTED
2025-08-03 10:56:19,235 - supply_chain_pipeline - INFO - Pipeline Step: SupplyChainMetrics - STARTED
2025-08-03 10:56:19,236 - supply_chain_pipeline - INFO - Calculating all supply chain metrics...
2025-08-03 10:56:19,237 - supply_chain_pipeline - INFO - Calculating lead time metrics...
2025-08-03 10:56:19,247 - supply_chain_pipeline - INFO - Lead time metrics calculated successfully
2025-08-03 10:56:19,247 - supply_chain_pipeline - INFO - Calculating order cycle time...
2025-08-03 10:56:19,254 - supply_chain_pipeline - INFO - Order cycle time calculated successfully
2025-08-03 10:56:19,257 - supply_chain_pipeline - INFO - Calculating inventory turnover metrics...
2025-08-03 10:56:19,270 - supply_chain_pipeline - INFO - Inventory turnover metrics calculated successfully
2025-08-03 10:56:19,271 - supply_chain_pipeline - INFO - Calculating fill rate metrics...
2025-08-03 10:56:19,284 - supply_chain_pipeline - INFO - Fill rate metrics calculated successfully
2025-08-03 10:56:19,286 - supply_chain_pipeline - INFO - Calculating category performance metrics...
2025-08-03 10:56:19,291 - supply_chain_pipeline - WARNING - Category information not available in both datasets
2025-08-03 10:56:19,295 - supply_chain_pipeline - INFO - Calculating return metrics...
2025-08-03 10:56:19,297 - supply_chain_pipeline - INFO - Return metrics calculated successfully
2025-08-03 10:56:19,298 - supply_chain_pipeline - INFO - All supply chain metrics calculated successfully
2025-08-03 10:56:24,229 - supply_chain_pipeline - INFO - Pipeline Step: SupplyChainDashboard - STARTED
2025-08-03 10:56:24,229 - supply_chain_pipeline - INFO - Pipeline Step: SupplyChainDashboard - STARTED
2025-08-03 10:56:24,229 - supply_chain_pipeline - INFO - Pipeline Step: SupplyChainDashboard - STARTED
2025-08-03 10:56:24,229 - supply_chain_pipeline - INFO - Pipeline Step: SupplyChainDashboard - STARTED
2025-08-03 10:56:25,350 - supply_chain_pipeline - INFO - Pipeline Step: SupplyChainMetrics - STARTED
2025-08-03 10:56:25,351 - supply_chain_pipeline - INFO - Calculating all supply chain metrics...
2025-08-03 10:56:25,351 - supply_chain_pipeline - INFO - Calculating lead time metrics...
2025-08-03 10:56:25,364 - supply_chain_pipeline - INFO - Lead time metrics calculated successfully
2025-08-03 10:56:25,365 - supply_chain_pipeline - INFO - Calculating order cycle time...
2025-08-03 10:56:25,371 - supply_chain_pipeline - INFO - Order cycle time calculated successfully
2025-08-03 10:56:25,372 - supply_chain_pipeline - INFO - Calculating inventory turnover metrics...
2025-08-03 10:56:25,384 - supply_chain_pipeline - INFO - Inventory turnover metrics calculated successfully
2025-08-03 10:56:25,385 - supply_chain_pipeline - INFO - Calculating fill rate metrics...
2025-08-03 10:56:25,399 - supply_chain_pipeline - INFO - Fill rate metrics calculated successfully
2025-08-03 10:56:25,400 - supply_chain_pipeline - INFO - Calculating category performance metrics...
2025-08-03 10:56:25,401 - supply_chain_pipeline - WARNING - Category information not available in both datasets
2025-08-03 10:56:25,401 - supply_chain_pipeline - INFO - Calculating return metrics...
2025-08-03 10:56:25,402 - supply_chain_pipeline - INFO - Return metrics calculated successfully
2025-08-03 10:56:25,403 - supply_chain_pipeline - INFO - All supply chain metrics calculated successfully
2025-08-03 10:56:36,806 - supply_chain_pipeline - INFO - Pipeline Step: SupplyChainDashboard - STARTED
2025-08-03 10:56:37,651 - supply_chain_pipeline - INFO - Pipeline Step: SupplyChainMetrics - STARTED
2025-08-03 10:56:37,651 - supply_chain_pipeline - INFO - Calculating all supply chain metrics...
2025-08-03 10:56:37,652 - supply_chain_pipeline - INFO - Calculating lead time metrics...
2025-08-03 10:56:37,663 - supply_chain_pipeline - INFO - Lead time metrics calculated successfully
2025-08-03 10:56:37,664 - supply_chain_pipeline - INFO - Calculating order cycle time...
2025-08-03 10:56:37,673 - supply_chain_pipeline - INFO - Order cycle time calculated successfully
2025-08-03 10:56:37,674 - supply_chain_pipeline - INFO - Calculating inventory turnover metrics...
2025-08-03 10:56:37,684 - supply_chain_pipeline - INFO - Inventory turnover metrics calculated successfully
2025-08-03 10:56:37,684 - supply_chain_pipeline - INFO - Calculating fill rate metrics...
2025-08-03 10:56:37,696 - supply_chain_pipeline - INFO - Fill rate metrics calculated successfully
2025-08-03 10:56:37,696 - supply_chain_pipeline - INFO - Calculating category performance metrics...
2025-08-03 10:56:37,697 - supply_chain_pipeline - WARNING - Category information not available in both datasets
2025-08-03 10:56:37,697 - supply_chain_pipeline - INFO - Calculating return metrics...
2025-08-03 10:56:37,698 - supply_chain_pipeline - INFO - Return metrics calculated successfully
2025-08-03 10:56:37,699 - supply_chain_pipeline - INFO - All supply chain metrics calculated successfully
2025-08-03 10:57:00,077 - supply_chain_pipeline - INFO - Pipeline Step: SupplyChainDashboard - STARTED
2025-08-03 10:57:00,094 - supply_chain_pipeline - INFO - Pipeline Step: SupplyChainMetrics - STARTED
2025-08-03 10:57:00,095 - supply_chain_pipeline - INFO - Calculating all supply chain metrics...
2025-08-03 10:57:00,095 - supply_chain_pipeline - INFO - Calculating lead time metrics...
2025-08-03 10:57:00,102 - supply_chain_pipeline - INFO - Lead time metrics calculated successfully
2025-08-03 10:57:00,103 - supply_chain_pipeline - INFO - Calculating order cycle time...
2025-08-03 10:57:00,111 - supply_chain_pipeline - INFO - Order cycle time calculated successfully
2025-08-03 10:57:00,112 - supply_chain_pipeline - INFO - Calculating inventory turnover metrics...
2025-08-03 10:57:00,122 - supply_chain_pipeline - INFO - Inventory turnover metrics calculated successfully
2025-08-03 10:57:00,122 - supply_chain_pipeline - INFO - Calculating fill rate metrics...
2025-08-03 10:57:00,132 - supply_chain_pipeline - INFO - Fill rate metrics calculated successfully
2025-08-03 10:57:00,132 - supply_chain_pipeline - INFO - Calculating category performance metrics...
2025-08-03 10:57:00,133 - supply_chain_pipeline - WARNING - Category information not available in both datasets
2025-08-03 10:57:00,133 - supply_chain_pipeline - INFO - Calculating return metrics...
2025-08-03 10:57:00,134 - supply_chain_pipeline - INFO - Return metrics calculated successfully
2025-08-03 10:57:00,135 - supply_chain_pipeline - INFO - All supply chain metrics calculated successfully
2025-08-03 10:57:00,256 - supply_chain_pipeline - INFO - Pipeline Step: SupplyChainDashboard - STARTED
2025-08-03 10:57:00,269 - supply_chain_pipeline - INFO - Pipeline Step: SupplyChainMetrics - STARTED
2025-08-03 10:57:00,270 - supply_chain_pipeline - INFO - Calculating all supply chain metrics...
2025-08-03 10:57:00,271 - supply_chain_pipeline - INFO - Calculating lead time metrics...
2025-08-03 10:57:00,279 - supply_chain_pipeline - INFO - Lead time metrics calculated successfully
2025-08-03 10:57:00,280 - supply_chain_pipeline - INFO - Calculating order cycle time...
2025-08-03 10:57:00,288 - supply_chain_pipeline - INFO - Order cycle time calculated successfully
2025-08-03 10:57:00,288 - supply_chain_pipeline - INFO - Calculating inventory turnover metrics...
2025-08-03 10:57:00,299 - supply_chain_pipeline - INFO - Inventory turnover metrics calculated successfully
2025-08-03 10:57:00,299 - supply_chain_pipeline - INFO - Calculating fill rate metrics...
2025-08-03 10:57:00,311 - supply_chain_pipeline - INFO - Fill rate metrics calculated successfully
2025-08-03 10:57:00,312 - supply_chain_pipeline - INFO - Calculating category performance metrics...
2025-08-03 10:57:00,312 - supply_chain_pipeline - WARNING - Category information not available in both datasets
2025-08-03 10:57:00,313 - supply_chain_pipeline - INFO - Calculating return metrics...
2025-08-03 10:57:00,314 - supply_chain_pipeline - INFO - Return metrics calculated successfully
2025-08-03 10:57:00,314 - supply_chain_pipeline - INFO - All supply chain metrics calculated successfully
2025-08-03 10:57:16,309 - supply_chain_pipeline - INFO - Pipeline Step: SupplyChainDashboard - STARTED
2025-08-03 10:57:16,325 - supply_chain_pipeline - INFO - Pipeline Step: SupplyChainMetrics - STARTED
2025-08-03 10:57:16,326 - supply_chain_pipeline - INFO - Calculating all supply chain metrics...
2025-08-03 10:57:16,327 - supply_chain_pipeline - INFO - Calculating lead time metrics...
2025-08-03 10:57:16,336 - supply_chain_pipeline - INFO - Lead time metrics calculated successfully
2025-08-03 10:57:16,337 - supply_chain_pipeline - INFO - Calculating order cycle time...
2025-08-03 10:57:16,346 - supply_chain_pipeline - INFO - Order cycle time calculated successfully
2025-08-03 10:57:16,349 - supply_chain_pipeline - INFO - Calculating inventory turnover metrics...
2025-08-03 10:57:16,361 - supply_chain_pipeline - INFO - Inventory turnover metrics calculated successfully
2025-08-03 10:57:16,362 - supply_chain_pipeline - INFO - Calculating fill rate metrics...
2025-08-03 10:57:16,374 - supply_chain_pipeline - INFO - Fill rate metrics calculated successfully
2025-08-03 10:57:16,374 - supply_chain_pipeline - INFO - Calculating category performance metrics...
2025-08-03 10:57:16,375 - supply_chain_pipeline - WARNING - Category information not available in both datasets
2025-08-03 10:57:16,375 - supply_chain_pipeline - INFO - Calculating return metrics...
2025-08-03 10:57:16,376 - supply_chain_pipeline - INFO - Return metrics calculated successfully
2025-08-03 10:57:16,377 - supply_chain_pipeline - INFO - All supply chain metrics calculated successfully
2025-08-03 10:59:19,042 - supply_chain_pipeline - INFO - Pipeline Step: SupplyChainDashboard - STARTED
2025-08-03 10:59:27,789 - supply_chain_pipeline - INFO - Pipeline Step: SupplyChainMetrics - STARTED
2025-08-03 10:59:27,790 - supply_chain_pipeline - INFO - Calculating all supply chain metrics...
2025-08-03 10:59:27,791 - supply_chain_pipeline - INFO - Calculating lead time metrics...
2025-08-03 10:59:27,802 - supply_chain_pipeline - INFO - Lead time metrics calculated successfully
2025-08-03 10:59:27,802 - supply_chain_pipeline - INFO - Calculating order cycle time...
2025-08-03 10:59:27,809 - supply_chain_pipeline - INFO - Order cycle time calculated successfully
2025-08-03 10:59:27,809 - supply_chain_pipeline - INFO - Calculating inventory turnover metrics...
2025-08-03 10:59:27,822 - supply_chain_pipeline - INFO - Inventory turnover metrics calculated successfully
2025-08-03 10:59:27,823 - supply_chain_pipeline - INFO - Calculating fill rate metrics...
2025-08-03 10:59:27,830 - supply_chain_pipeline - INFO - Fill rate metrics calculated successfully
2025-08-03 10:59:27,831 - supply_chain_pipeline - INFO - Calculating category performance metrics...
2025-08-03 10:59:27,831 - supply_chain_pipeline - WARNING - Category information not available in both datasets
2025-08-03 10:59:27,832 - supply_chain_pipeline - INFO - Calculating return metrics...
2025-08-03 10:59:27,833 - supply_chain_pipeline - INFO - Return metrics calculated successfully
2025-08-03 10:59:27,833 - supply_chain_pipeline - INFO - All supply chain metrics calculated successfully
2025-08-03 10:59:27,834 - supply_chain_pipeline - INFO - Starting dashboard...
2025-08-03 10:59:28,850 - supply_chain_pipeline - INFO - Dashboard completed successfully
2025-08-03 10:59:55,821 - supply_chain_pipeline - INFO - Pipeline Step: SupplyChainDashboard - STARTED
2025-08-03 10:59:57,494 - supply_chain_pipeline - INFO - Pipeline Step: SupplyChainDashboard - STARTED
2025-08-03 11:00:03,075 - supply_chain_pipeline - INFO - Pipeline Step: SupplyChainMetrics - STARTED
2025-08-03 11:00:03,076 - supply_chain_pipeline - INFO - Calculating all supply chain metrics...
2025-08-03 11:00:03,076 - supply_chain_pipeline - INFO - Calculating lead time metrics...
2025-08-03 11:00:03,083 - supply_chain_pipeline - INFO - Lead time metrics calculated successfully
2025-08-03 11:00:03,084 - supply_chain_pipeline - INFO - Calculating order cycle time...
2025-08-03 11:00:03,089 - supply_chain_pipeline - INFO - Order cycle time calculated successfully
2025-08-03 11:00:03,090 - supply_chain_pipeline - INFO - Calculating inventory turnover metrics...
2025-08-03 11:00:03,097 - supply_chain_pipeline - INFO - Inventory turnover metrics calculated successfully
2025-08-03 11:00:03,097 - supply_chain_pipeline - INFO - Calculating fill rate metrics...
2025-08-03 11:00:03,104 - supply_chain_pipeline - INFO - Fill rate metrics calculated successfully
2025-08-03 11:00:03,105 - supply_chain_pipeline - INFO - Calculating category performance metrics...
2025-08-03 11:00:03,106 - supply_chain_pipeline - WARNING - Category information not available in both datasets
2025-08-03 11:00:03,107 - supply_chain_pipeline - INFO - Calculating return metrics...
2025-08-03 11:00:03,107 - supply_chain_pipeline - INFO - Return metrics calculated successfully
2025-08-03 11:00:03,108 - supply_chain_pipeline - INFO - All supply chain metrics calculated successfully
2025-08-03 11:00:03,108 - supply_chain_pipeline - INFO - Starting dashboard...
2025-08-03 11:00:04,952 - supply_chain_pipeline - INFO - Pipeline Step: SupplyChainMetrics - STARTED
2025-08-03 11:00:04,953 - supply_chain_pipeline - INFO - Calculating all supply chain metrics...
2025-08-03 11:00:04,953 - supply_chain_pipeline - INFO - Calculating lead time metrics...
2025-08-03 11:00:04,959 - supply_chain_pipeline - INFO - Lead time metrics calculated successfully
2025-08-03 11:00:04,959 - supply_chain_pipeline - INFO - Calculating order cycle time...
2025-08-03 11:00:04,966 - supply_chain_pipeline - INFO - Order cycle time calculated successfully
2025-08-03 11:00:04,966 - supply_chain_pipeline - INFO - Calculating inventory turnover metrics...
2025-08-03 11:00:04,976 - supply_chain_pipeline - INFO - Inventory turnover metrics calculated successfully
2025-08-03 11:00:04,977 - supply_chain_pipeline - INFO - Calculating fill rate metrics...
2025-08-03 11:00:04,984 - supply_chain_pipeline - INFO - Fill rate metrics calculated successfully
2025-08-03 11:00:04,985 - supply_chain_pipeline - INFO - Calculating category performance metrics...
2025-08-03 11:00:04,985 - supply_chain_pipeline - WARNING - Category information not available in both datasets
2025-08-03 11:00:04,986 - supply_chain_pipeline - INFO - Calculating return metrics...
2025-08-03 11:00:04,987 - supply_chain_pipeline - INFO - Return metrics calculated successfully
2025-08-03 11:00:04,988 - supply_chain_pipeline - INFO - All supply chain metrics calculated successfully
2025-08-03 11:00:04,988 - supply_chain_pipeline - INFO - Starting dashboard...
2025-08-03 11:00:05,095 - supply_chain_pipeline - INFO - Pipeline Step: SupplyChainDashboard - STARTED
2025-08-03 11:00:12,586 - supply_chain_pipeline - INFO - Pipeline Step: SupplyChainMetrics - STARTED
2025-08-03 11:00:12,586 - supply_chain_pipeline - INFO - Calculating all supply chain metrics...
2025-08-03 11:00:12,587 - supply_chain_pipeline - INFO - Calculating lead time metrics...
2025-08-03 11:00:12,593 - supply_chain_pipeline - INFO - Lead time metrics calculated successfully
2025-08-03 11:00:12,593 - supply_chain_pipeline - INFO - Calculating order cycle time...
2025-08-03 11:00:12,599 - supply_chain_pipeline - INFO - Order cycle time calculated successfully
2025-08-03 11:00:12,600 - supply_chain_pipeline - INFO - Calculating inventory turnover metrics...
2025-08-03 11:00:12,609 - supply_chain_pipeline - INFO - Inventory turnover metrics calculated successfully
2025-08-03 11:00:12,610 - supply_chain_pipeline - INFO - Calculating fill rate metrics...
2025-08-03 11:00:12,619 - supply_chain_pipeline - INFO - Fill rate metrics calculated successfully
2025-08-03 11:00:12,619 - supply_chain_pipeline - INFO - Calculating category performance metrics...
2025-08-03 11:00:12,620 - supply_chain_pipeline - WARNING - Category information not available in both datasets
2025-08-03 11:00:12,621 - supply_chain_pipeline - INFO - Calculating return metrics...
2025-08-03 11:00:12,621 - supply_chain_pipeline - INFO - Return metrics calculated successfully
2025-08-03 11:00:12,622 - supply_chain_pipeline - INFO - All supply chain metrics calculated successfully
2025-08-03 11:00:12,623 - supply_chain_pipeline - INFO - Starting dashboard...
2025-08-03 11:00:12,966 - supply_chain_pipeline - INFO - Dashboard completed successfully
2025-08-03 11:00:28,472 - supply_chain_pipeline - INFO - Pipeline Step: SupplyChainDashboard - STARTED
2025-08-03 11:00:36,544 - supply_chain_pipeline - INFO - Pipeline Step: SupplyChainMetrics - STARTED
2025-08-03 11:00:36,544 - supply_chain_pipeline - INFO - Calculating all supply chain metrics...
2025-08-03 11:00:36,545 - supply_chain_pipeline - INFO - Calculating lead time metrics...
2025-08-03 11:00:36,556 - supply_chain_pipeline - INFO - Lead time metrics calculated successfully
2025-08-03 11:00:36,557 - supply_chain_pipeline - INFO - Calculating order cycle time...
2025-08-03 11:00:36,562 - supply_chain_pipeline - INFO - Order cycle time calculated successfully
2025-08-03 11:00:36,562 - supply_chain_pipeline - INFO - Calculating inventory turnover metrics...
2025-08-03 11:00:36,572 - supply_chain_pipeline - INFO - Inventory turnover metrics calculated successfully
2025-08-03 11:00:36,572 - supply_chain_pipeline - INFO - Calculating fill rate metrics...
2025-08-03 11:00:36,579 - supply_chain_pipeline - INFO - Fill rate metrics calculated successfully
2025-08-03 11:00:36,580 - supply_chain_pipeline - INFO - Calculating category performance metrics...
2025-08-03 11:00:36,581 - supply_chain_pipeline - WARNING - Category information not available in both datasets
2025-08-03 11:00:36,582 - supply_chain_pipeline - INFO - Calculating return metrics...
2025-08-03 11:00:36,583 - supply_chain_pipeline - INFO - Return metrics calculated successfully
2025-08-03 11:00:36,583 - supply_chain_pipeline - INFO - All supply chain metrics calculated successfully
2025-08-03 11:00:36,584 - supply_chain_pipeline - INFO - Starting dashboard...
2025-08-03 11:00:37,723 - supply_chain_pipeline - INFO - Dashboard completed successfully
2025-08-03 11:04:48,030 - supply_chain_pipeline - INFO - Pipeline Step: SupplyChainDashboard - STARTED
2025-08-03 11:04:56,163 - supply_chain_pipeline - INFO - Pipeline Step: SupplyChainMetrics - STARTED
2025-08-03 11:04:56,163 - supply_chain_pipeline - INFO - Calculating all supply chain metrics...
2025-08-03 11:04:56,164 - supply_chain_pipeline - INFO - Calculating lead time metrics...
2025-08-03 11:04:56,165 - supply_chain_pipeline - ERROR - Lead Time (Days) column not found in orders data
2025-08-03 11:04:56,165 - supply_chain_pipeline - INFO - Calculating order cycle time...
2025-08-03 11:04:56,201 - supply_chain_pipeline - ERROR - Error calculating order cycle time: unsupported operand type(s) for +: 'Timedelta' and 'str'
2025-08-03 11:04:56,202 - supply_chain_pipeline - INFO - Calculating inventory turnover metrics...
2025-08-03 11:04:56,215 - supply_chain_pipeline - INFO - Inventory turnover metrics calculated successfully
2025-08-03 11:04:56,215 - supply_chain_pipeline - INFO - Calculating fill rate metrics...
2025-08-03 11:04:56,223 - supply_chain_pipeline - INFO - Fill rate metrics calculated successfully
2025-08-03 11:04:56,223 - supply_chain_pipeline - INFO - Calculating category performance metrics...
2025-08-03 11:04:56,224 - supply_chain_pipeline - WARNING - Category information not available in both datasets
2025-08-03 11:04:56,224 - supply_chain_pipeline - INFO - Calculating return metrics...
2025-08-03 11:04:56,225 - supply_chain_pipeline - INFO - Return metrics calculated successfully
2025-08-03 11:04:56,226 - supply_chain_pipeline - INFO - All supply chain metrics calculated successfully
2025-08-03 11:04:56,226 - supply_chain_pipeline - INFO - Starting dashboard...
2025-08-03 20:36:27,502 - supply_chain_pipeline - INFO - Pipeline Step: SupplyChainDashboard - STARTED
2025-08-03 20:37:42,881 - supply_chain_pipeline - INFO - Pipeline Step: SupplyChainDashboard - STARTED
2025-08-03 20:41:33,032 - supply_chain_pipeline - INFO - Pipeline Step: SupplyChainDashboard - STARTED
2025-08-03 20:41:37,110 - supply_chain_pipeline - INFO - Pipeline Step: SupplyChainMetrics - STARTED
2025-08-03 20:41:37,112 - supply_chain_pipeline - INFO - Calculating all supply chain metrics...
2025-08-03 20:41:37,112 - supply_chain_pipeline - INFO - Calculating lead time metrics...
2025-08-03 20:41:37,131 - supply_chain_pipeline - INFO - Lead time metrics calculated successfully
2025-08-03 20:41:37,132 - supply_chain_pipeline - INFO - Calculating order cycle time...
2025-08-03 20:41:37,144 - supply_chain_pipeline - INFO - Order cycle time calculated successfully
2025-08-03 20:41:37,144 - supply_chain_pipeline - INFO - Calculating inventory turnover metrics...
2025-08-03 20:41:37,157 - supply_chain_pipeline - INFO - Inventory turnover metrics calculated successfully
2025-08-03 20:41:37,158 - supply_chain_pipeline - INFO - Calculating fill rate metrics...
2025-08-03 20:41:37,166 - supply_chain_pipeline - INFO - Fill rate metrics calculated successfully
2025-08-03 20:41:37,167 - supply_chain_pipeline - INFO - Calculating category performance metrics...
2025-08-03 20:41:37,168 - supply_chain_pipeline - WARNING - Category information not available in both datasets
2025-08-03 20:41:37,168 - supply_chain_pipeline - INFO - Calculating return metrics...
2025-08-03 20:41:37,169 - supply_chain_pipeline - INFO - Return metrics calculated successfully
2025-08-03 20:41:37,170 - supply_chain_pipeline - INFO - All supply chain metrics calculated successfully
2025-08-03 20:41:37,170 - supply_chain_pipeline - INFO - Starting dashboard...
2025-08-03 20:41:38,210 - supply_chain_pipeline - INFO - Dashboard completed successfully
2025-08-03 20:43:03,202 - supply_chain_pipeline - INFO - Pipeline Step: SupplyChainDashboard - STARTED
2025-08-03 20:43:10,302 - supply_chain_pipeline - INFO - Pipeline Step: SupplyChainMetrics - STARTED
2025-08-03 20:43:10,302 - supply_chain_pipeline - INFO - Calculating all supply chain metrics...
2025-08-03 20:43:10,303 - supply_chain_pipeline - INFO - Calculating lead time metrics...
2025-08-03 20:43:10,304 - supply_chain_pipeline - ERROR - Lead Time (Days) column not found in orders data
2025-08-03 20:43:10,304 - supply_chain_pipeline - INFO - Calculating order cycle time...
2025-08-03 20:43:10,327 - supply_chain_pipeline - ERROR - Error calculating order cycle time: unsupported operand type(s) for +: 'Timedelta' and 'str'
2025-08-03 20:43:10,327 - supply_chain_pipeline - INFO - Calculating inventory turnover metrics...
2025-08-03 20:43:10,335 - supply_chain_pipeline - INFO - Inventory turnover metrics calculated successfully
2025-08-03 20:43:10,336 - supply_chain_pipeline - INFO - Calculating fill rate metrics...
2025-08-03 20:43:10,343 - supply_chain_pipeline - INFO - Fill rate metrics calculated successfully
2025-08-03 20:43:10,343 - supply_chain_pipeline - INFO - Calculating category performance metrics...
2025-08-03 20:43:10,344 - supply_chain_pipeline - WARNING - Category information not available in both datasets
2025-08-03 20:43:10,345 - supply_chain_pipeline - INFO - Calculating return metrics...
2025-08-03 20:43:10,346 - supply_chain_pipeline - INFO - Return metrics calculated successfully
2025-08-03 20:43:10,346 - supply_chain_pipeline - INFO - All supply chain metrics calculated successfully
2025-08-03 20:43:10,347 - supply_chain_pipeline - INFO - Starting dashboard...
2025-08-03 20:49:20,271 - supply_chain_pipeline - INFO - Pipeline Step: SupplyChainDashboard - STARTED
2025-08-03 20:49:27,225 - supply_chain_pipeline - INFO - Pipeline Step: SupplyChainMetrics - STARTED
2025-08-03 20:49:27,226 - supply_chain_pipeline - INFO - Calculating all supply chain metrics...
2025-08-03 20:49:27,226 - supply_chain_pipeline - INFO - Calculating lead time metrics...
2025-08-03 20:49:27,227 - supply_chain_pipeline - ERROR - Lead Time (Days) column not found in orders data
2025-08-03 20:49:27,228 - supply_chain_pipeline - INFO - Calculating order cycle time...
2025-08-03 20:49:27,259 - supply_chain_pipeline - ERROR - Error calculating order cycle time: unsupported operand type(s) for +: 'Timedelta' and 'str'
2025-08-03 20:49:27,260 - supply_chain_pipeline - INFO - Calculating inventory turnover metrics...
2025-08-03 20:49:27,269 - supply_chain_pipeline - INFO - Inventory turnover metrics calculated successfully
2025-08-03 20:49:27,269 - supply_chain_pipeline - INFO - Calculating fill rate metrics...
2025-08-03 20:49:27,275 - supply_chain_pipeline - INFO - Fill rate metrics calculated successfully
2025-08-03 20:49:27,276 - supply_chain_pipeline - INFO - Calculating category performance metrics...
2025-08-03 20:49:27,276 - supply_chain_pipeline - WARNING - Category information not available in both datasets
2025-08-03 20:49:27,277 - supply_chain_pipeline - INFO - Calculating return metrics...
2025-08-03 20:49:27,277 - supply_chain_pipeline - INFO - Return metrics calculated successfully
2025-08-03 20:49:27,278 - supply_chain_pipeline - INFO - All supply chain metrics calculated successfully
2025-08-03 20:49:27,279 - supply_chain_pipeline - INFO - Starting dashboard...
2025-08-03 20:49:27,479 - supply_chain_pipeline - INFO - Pipeline Step: SupplyChainDashboard - STARTED
2025-08-03 20:49:34,499 - supply_chain_pipeline - INFO - Pipeline Step: SupplyChainMetrics - STARTED
2025-08-03 20:49:34,500 - supply_chain_pipeline - INFO - Calculating all supply chain metrics...
2025-08-03 20:49:34,501 - supply_chain_pipeline - INFO - Calculating lead time metrics...
2025-08-03 20:49:34,501 - supply_chain_pipeline - ERROR - Lead Time (Days) column not found in orders data
2025-08-03 20:49:34,502 - supply_chain_pipeline - INFO - Calculating order cycle time...
2025-08-03 20:49:34,522 - supply_chain_pipeline - ERROR - Error calculating order cycle time: unsupported operand type(s) for +: 'Timedelta' and 'str'
2025-08-03 20:49:34,523 - supply_chain_pipeline - INFO - Calculating inventory turnover metrics...
2025-08-03 20:49:34,528 - supply_chain_pipeline - INFO - Inventory turnover metrics calculated successfully
2025-08-03 20:49:34,529 - supply_chain_pipeline - INFO - Calculating fill rate metrics...
2025-08-03 20:49:34,536 - supply_chain_pipeline - INFO - Fill rate metrics calculated successfully
2025-08-03 20:49:34,536 - supply_chain_pipeline - INFO - Calculating category performance metrics...
2025-08-03 20:49:34,537 - supply_chain_pipeline - WARNING - Category information not available in both datasets
2025-08-03 20:49:34,537 - supply_chain_pipeline - INFO - Calculating return metrics...
2025-08-03 20:49:34,538 - supply_chain_pipeline - INFO - Return metrics calculated successfully
2025-08-03 20:49:34,539 - supply_chain_pipeline - INFO - All supply chain metrics calculated successfully
2025-08-03 20:49:34,539 - supply_chain_pipeline - INFO - Starting dashboard...
2025-08-03 20:50:35,882 - supply_chain_pipeline - INFO - Pipeline Step: SupplyChainDashboard - STARTED
2025-08-03 20:50:37,522 - supply_chain_pipeline - INFO - Pipeline Step: SupplyChainMetrics - STARTED
2025-08-03 20:50:37,523 - supply_chain_pipeline - INFO - Calculating all supply chain metrics...
2025-08-03 20:50:37,523 - supply_chain_pipeline - INFO - Calculating lead time metrics...
2025-08-03 20:50:37,562 - supply_chain_pipeline - INFO - Lead time metrics calculated successfully
2025-08-03 20:50:37,563 - supply_chain_pipeline - INFO - Calculating order cycle time...
2025-08-03 20:50:37,574 - supply_chain_pipeline - INFO - Order cycle time calculated successfully
2025-08-03 20:50:37,575 - supply_chain_pipeline - INFO - Calculating inventory turnover metrics...
2025-08-03 20:50:37,583 - supply_chain_pipeline - INFO - Inventory turnover metrics calculated successfully
2025-08-03 20:50:37,584 - supply_chain_pipeline - INFO - Calculating fill rate metrics...
2025-08-03 20:50:37,588 - supply_chain_pipeline - INFO - Fill rate metrics calculated successfully
2025-08-03 20:50:37,588 - supply_chain_pipeline - INFO - Calculating category performance metrics...
2025-08-03 20:50:37,621 - supply_chain_pipeline - INFO - Category performance metrics calculated successfully
2025-08-03 20:50:37,622 - supply_chain_pipeline - INFO - Calculating return metrics...
2025-08-03 20:50:37,626 - supply_chain_pipeline - INFO - Return metrics calculated successfully
2025-08-03 20:50:37,627 - supply_chain_pipeline - INFO - All supply chain metrics calculated successfully
2025-08-03 20:50:42,856 - supply_chain_pipeline - INFO - Pipeline Step: SupplyChainMetrics - STARTED
2025-08-03 20:50:42,857 - supply_chain_pipeline - INFO - Calculating all supply chain metrics...
2025-08-03 20:50:42,857 - supply_chain_pipeline - INFO - Calculating lead time metrics...
2025-08-03 20:50:42,858 - supply_chain_pipeline - ERROR - Lead Time (Days) column not found in orders data
2025-08-03 20:50:42,859 - supply_chain_pipeline - INFO - Calculating order cycle time...
2025-08-03 20:50:42,884 - supply_chain_pipeline - ERROR - Error calculating order cycle time: unsupported operand type(s) for +: 'Timedelta' and 'str'
2025-08-03 20:50:42,885 - supply_chain_pipeline - INFO - Calculating inventory turnover metrics...
2025-08-03 20:50:42,898 - supply_chain_pipeline - INFO - Inventory turnover metrics calculated successfully
2025-08-03 20:50:42,899 - supply_chain_pipeline - INFO - Calculating fill rate metrics...
2025-08-03 20:50:42,906 - supply_chain_pipeline - INFO - Fill rate metrics calculated successfully
2025-08-03 20:50:42,907 - supply_chain_pipeline - INFO - Calculating category performance metrics...
2025-08-03 20:50:42,908 - supply_chain_pipeline - WARNING - Category information not available in both datasets
2025-08-03 20:50:42,908 - supply_chain_pipeline - INFO - Calculating return metrics...
2025-08-03 20:50:42,909 - supply_chain_pipeline - INFO - Return metrics calculated successfully
2025-08-03 20:50:42,910 - supply_chain_pipeline - INFO - All supply chain metrics calculated successfully
2025-08-03 20:50:42,911 - supply_chain_pipeline - INFO - Starting dashboard...
2025-08-03 20:51:26,640 - supply_chain_pipeline - INFO - Pipeline Step: SupplyChainMetrics - STARTED
2025-08-03 20:51:26,641 - supply_chain_pipeline - INFO - Calculating all supply chain metrics...
2025-08-03 20:51:26,641 - supply_chain_pipeline - INFO - Calculating lead time metrics...
2025-08-03 20:51:26,667 - supply_chain_pipeline - INFO - Lead time metrics calculated successfully
2025-08-03 20:51:26,668 - supply_chain_pipeline - INFO - Calculating order cycle time...
2025-08-03 20:51:26,681 - supply_chain_pipeline - INFO - Order cycle time calculated successfully
2025-08-03 20:51:26,681 - supply_chain_pipeline - INFO - Calculating inventory turnover metrics...
2025-08-03 20:51:26,686 - supply_chain_pipeline - INFO - Inventory turnover metrics calculated successfully
2025-08-03 20:51:26,687 - supply_chain_pipeline - INFO - Calculating fill rate metrics...
2025-08-03 20:51:26,689 - supply_chain_pipeline - INFO - Fill rate metrics calculated successfully
2025-08-03 20:51:26,689 - supply_chain_pipeline - INFO - Calculating category performance metrics...
2025-08-03 20:51:26,714 - supply_chain_pipeline - INFO - Category performance metrics calculated successfully
2025-08-03 20:51:26,715 - supply_chain_pipeline - INFO - Calculating return metrics...
2025-08-03 20:51:26,720 - supply_chain_pipeline - INFO - Return metrics calculated successfully
2025-08-03 20:51:26,720 - supply_chain_pipeline - INFO - All supply chain metrics calculated successfully
2025-08-03 20:52:53,595 - supply_chain_pipeline - INFO - Pipeline Step: SupplyChainMetrics - STARTED
2025-08-03 20:52:53,596 - supply_chain_pipeline - INFO - Calculating all supply chain metrics...
2025-08-03 20:52:53,596 - supply_chain_pipeline - INFO - Calculating lead time metrics...
2025-08-03 20:52:53,622 - supply_chain_pipeline - INFO - Lead time metrics calculated successfully
2025-08-03 20:52:53,623 - supply_chain_pipeline - INFO - Calculating order cycle time...
2025-08-03 20:52:53,638 - supply_chain_pipeline - INFO - Order cycle time calculated successfully
2025-08-03 20:52:53,638 - supply_chain_pipeline - INFO - Calculating inventory turnover metrics...
2025-08-03 20:52:53,643 - supply_chain_pipeline - INFO - Inventory turnover metrics calculated successfully
2025-08-03 20:52:53,645 - supply_chain_pipeline - INFO - Calculating fill rate metrics...
2025-08-03 20:52:53,648 - supply_chain_pipeline - INFO - Fill rate metrics calculated successfully
2025-08-03 20:52:53,649 - supply_chain_pipeline - INFO - Calculating category performance metrics...
2025-08-03 20:52:53,679 - supply_chain_pipeline - INFO - Category performance metrics calculated successfully
2025-08-03 20:52:53,680 - supply_chain_pipeline - INFO - Calculating return metrics...
2025-08-03 20:52:53,695 - supply_chain_pipeline - INFO - Return metrics calculated successfully
2025-08-03 20:52:53,696 - supply_chain_pipeline - INFO - All supply chain metrics calculated successfully
2025-08-03 20:53:18,898 - supply_chain_pipeline - INFO - Pipeline Step: SupplyChainDashboard - STARTED
2025-08-03 20:53:26,573 - supply_chain_pipeline - INFO - Pipeline Step: SupplyChainMetrics - STARTED
2025-08-03 20:53:26,574 - supply_chain_pipeline - INFO - Calculating all supply chain metrics...
2025-08-03 20:53:26,574 - supply_chain_pipeline - INFO - Calculating lead time metrics...
2025-08-03 20:53:26,636 - supply_chain_pipeline - INFO - Lead time metrics calculated successfully
2025-08-03 20:53:26,637 - supply_chain_pipeline - INFO - Calculating order cycle time...
2025-08-03 20:53:26,708 - supply_chain_pipeline - INFO - Order cycle time calculated successfully
2025-08-03 20:53:26,709 - supply_chain_pipeline - INFO - Calculating inventory turnover metrics...
2025-08-03 20:53:26,714 - supply_chain_pipeline - INFO - Inventory turnover metrics calculated successfully
2025-08-03 20:53:26,715 - supply_chain_pipeline - INFO - Calculating fill rate metrics...
2025-08-03 20:53:26,718 - supply_chain_pipeline - INFO - Fill rate metrics calculated successfully
2025-08-03 20:53:26,718 - supply_chain_pipeline - INFO - Calculating category performance metrics...
2025-08-03 20:53:26,753 - supply_chain_pipeline - INFO - Category performance metrics calculated successfully
2025-08-03 20:53:26,754 - supply_chain_pipeline - INFO - Calculating return metrics...
2025-08-03 20:53:27,723 - supply_chain_pipeline - INFO - Return metrics calculated successfully
2025-08-03 20:53:27,724 - supply_chain_pipeline - INFO - All supply chain metrics calculated successfully
2025-08-03 20:53:27,724 - supply_chain_pipeline - INFO - Starting dashboard...
2025-08-03 20:53:28,821 - supply_chain_pipeline - INFO - Dashboard completed successfully
2025-08-03 20:55:04,109 - supply_chain_pipeline - INFO - Pipeline Step: SupplyChainDashboard - STARTED
2025-08-03 20:55:08,863 - supply_chain_pipeline - INFO - Pipeline Step: SupplyChainMetrics - STARTED
2025-08-03 20:55:08,864 - supply_chain_pipeline - INFO - Calculating all supply chain metrics...
2025-08-03 20:55:08,864 - supply_chain_pipeline - INFO - Calculating lead time metrics...
2025-08-03 20:55:08,885 - supply_chain_pipeline - INFO - Lead time metrics calculated successfully
2025-08-03 20:55:08,885 - supply_chain_pipeline - INFO - Calculating order cycle time...
2025-08-03 20:55:08,894 - supply_chain_pipeline - INFO - Order cycle time calculated successfully
2025-08-03 20:55:08,895 - supply_chain_pipeline - INFO - Calculating inventory turnover metrics...
2025-08-03 20:55:08,914 - supply_chain_pipeline - INFO - Inventory turnover metrics calculated successfully
2025-08-03 20:55:08,923 - supply_chain_pipeline - INFO - Calculating fill rate metrics...
2025-08-03 20:55:08,933 - supply_chain_pipeline - INFO - Fill rate metrics calculated successfully
2025-08-03 20:55:08,934 - supply_chain_pipeline - INFO - Calculating category performance metrics...
2025-08-03 20:55:09,012 - supply_chain_pipeline - INFO - Category performance metrics calculated successfully
2025-08-03 20:55:09,013 - supply_chain_pipeline - INFO - Calculating return metrics...
2025-08-03 20:55:09,014 - supply_chain_pipeline - INFO - Return metrics calculated successfully
2025-08-03 20:55:09,015 - supply_chain_pipeline - INFO - All supply chain metrics calculated successfully
2025-08-03 20:55:09,016 - supply_chain_pipeline - INFO - Starting dashboard...
2025-08-03 20:55:10,147 - supply_chain_pipeline - INFO - Dashboard completed successfully
2025-08-03 20:55:36,704 - supply_chain_pipeline - INFO - Pipeline Step: SupplyChainDashboard - STARTED
2025-08-03 20:55:40,773 - supply_chain_pipeline - INFO - Pipeline Step: SupplyChainMetrics - STARTED
2025-08-03 20:55:40,774 - supply_chain_pipeline - INFO - Calculating all supply chain metrics...
2025-08-03 20:55:40,774 - supply_chain_pipeline - INFO - Calculating lead time metrics...
2025-08-03 20:55:40,783 - supply_chain_pipeline - INFO - Lead time metrics calculated successfully
2025-08-03 20:55:40,784 - supply_chain_pipeline - INFO - Calculating order cycle time...
2025-08-03 20:55:40,791 - supply_chain_pipeline - INFO - Order cycle time calculated successfully
2025-08-03 20:55:40,792 - supply_chain_pipeline - INFO - Calculating inventory turnover metrics...
2025-08-03 20:55:40,796 - supply_chain_pipeline - INFO - Inventory turnover metrics calculated successfully
2025-08-03 20:55:40,797 - supply_chain_pipeline - INFO - Calculating fill rate metrics...
2025-08-03 20:55:40,800 - supply_chain_pipeline - INFO - Fill rate metrics calculated successfully
2025-08-03 20:55:40,800 - supply_chain_pipeline - INFO - Calculating category performance metrics...
2025-08-03 20:55:40,816 - supply_chain_pipeline - INFO - Category performance metrics calculated successfully
2025-08-03 20:55:40,816 - supply_chain_pipeline - INFO - Calculating return metrics...
2025-08-03 20:55:40,818 - supply_chain_pipeline - INFO - Return metrics calculated successfully
2025-08-03 20:55:40,818 - supply_chain_pipeline - INFO - All supply chain metrics calculated successfully
2025-08-03 20:55:40,819 - supply_chain_pipeline - INFO - Starting dashboard...
2025-08-03 20:55:41,109 - supply_chain_pipeline - INFO - Dashboard completed successfully
2025-08-03 20:57:31,764 - supply_chain_pipeline - INFO - Pipeline Step: SupplyChainDashboard - STARTED
2025-08-03 20:57:43,093 - supply_chain_pipeline - INFO - Pipeline Step: SupplyChainMetrics - STARTED
2025-08-03 20:57:43,095 - supply_chain_pipeline - INFO - Calculating all supply chain metrics...
2025-08-03 20:57:43,096 - supply_chain_pipeline - INFO - Calculating lead time metrics...
2025-08-03 20:57:43,175 - supply_chain_pipeline - INFO - Lead time metrics calculated successfully
2025-08-03 20:57:43,176 - supply_chain_pipeline - INFO - Calculating order cycle time...
2025-08-03 20:57:43,238 - supply_chain_pipeline - INFO - Order cycle time calculated successfully
2025-08-03 20:57:43,239 - supply_chain_pipeline - INFO - Calculating inventory turnover metrics...
2025-08-03 20:57:43,243 - supply_chain_pipeline - INFO - Inventory turnover metrics calculated successfully
2025-08-03 20:57:43,243 - supply_chain_pipeline - INFO - Calculating fill rate metrics...
2025-08-03 20:57:43,248 - supply_chain_pipeline - INFO - Fill rate metrics calculated successfully
2025-08-03 20:57:43,248 - supply_chain_pipeline - INFO - Calculating category performance metrics...
2025-08-03 20:57:43,274 - supply_chain_pipeline - INFO - Category performance metrics calculated successfully
2025-08-03 20:57:43,275 - supply_chain_pipeline - INFO - Calculating return metrics...
2025-08-03 20:57:44,209 - supply_chain_pipeline - INFO - Return metrics calculated successfully
2025-08-03 20:57:44,210 - supply_chain_pipeline - INFO - All supply chain metrics calculated successfully
2025-08-03 20:57:44,210 - supply_chain_pipeline - INFO - Starting dashboard...
2025-08-03 20:57:44,631 - supply_chain_pipeline - INFO - Dashboard completed successfully
2025-08-06 14:06:24,080 - supply_chain_pipeline - INFO - Pipeline Step: SupplyChainDashboard - STARTED
2025-08-06 14:06:37,104 - supply_chain_pipeline - INFO - Pipeline Step: SupplyChainMetrics - STARTED
2025-08-06 14:06:37,105 - supply_chain_pipeline - INFO - Calculating all supply chain metrics...
2025-08-06 14:06:37,105 - supply_chain_pipeline - INFO - Calculating lead time metrics...
2025-08-06 14:06:37,164 - supply_chain_pipeline - INFO - Lead time metrics calculated successfully
2025-08-06 14:06:37,165 - supply_chain_pipeline - INFO - Calculating order cycle time...
2025-08-06 14:06:37,221 - supply_chain_pipeline - INFO - Order cycle time calculated successfully
2025-08-06 14:06:37,221 - supply_chain_pipeline - INFO - Calculating inventory turnover metrics...
2025-08-06 14:06:37,226 - supply_chain_pipeline - INFO - Inventory turnover metrics calculated successfully
2025-08-06 14:06:37,226 - supply_chain_pipeline - INFO - Calculating fill rate metrics...
2025-08-06 14:06:37,229 - supply_chain_pipeline - INFO - Fill rate metrics calculated successfully
2025-08-06 14:06:37,230 - supply_chain_pipeline - INFO - Calculating category performance metrics...
2025-08-06 14:06:37,276 - supply_chain_pipeline - INFO - Category performance metrics calculated successfully
2025-08-06 14:06:37,276 - supply_chain_pipeline - INFO - Calculating return metrics...
2025-08-06 14:06:38,428 - supply_chain_pipeline - INFO - Return metrics calculated successfully
2025-08-06 14:06:38,429 - supply_chain_pipeline - INFO - All supply chain metrics calculated successfully
2025-08-06 14:06:38,429 - supply_chain_pipeline - INFO - Starting dashboard...
2025-08-06 14:06:39,213 - supply_chain_pipeline - INFO - Dashboard completed successfully
2025-08-06 14:07:49,532 - supply_chain_pipeline - INFO - Pipeline Step: SupplyChainDashboard - STARTED
2025-08-06 14:07:57,705 - supply_chain_pipeline - INFO - Pipeline Step: SupplyChainMetrics - STARTED
2025-08-06 14:07:57,705 - supply_chain_pipeline - INFO - Calculating all supply chain metrics...
2025-08-06 14:07:57,705 - supply_chain_pipeline - INFO - Calculating lead time metrics...
2025-08-06 14:07:57,740 - supply_chain_pipeline - INFO - Lead time metrics calculated successfully
2025-08-06 14:07:57,741 - supply_chain_pipeline - INFO - Calculating order cycle time...
2025-08-06 14:07:57,781 - supply_chain_pipeline - INFO - Order cycle time calculated successfully
2025-08-06 14:07:57,782 - supply_chain_pipeline - INFO - Calculating inventory turnover metrics...
2025-08-06 14:07:57,786 - supply_chain_pipeline - INFO - Inventory turnover metrics calculated successfully
2025-08-06 14:07:57,786 - supply_chain_pipeline - INFO - Calculating fill rate metrics...
2025-08-06 14:07:57,789 - supply_chain_pipeline - INFO - Fill rate metrics calculated successfully
2025-08-06 14:07:57,789 - supply_chain_pipeline - INFO - Calculating category performance metrics...
2025-08-06 14:07:57,810 - supply_chain_pipeline - INFO - Category performance metrics calculated successfully
2025-08-06 14:07:57,811 - supply_chain_pipeline - INFO - Calculating return metrics...
2025-08-06 14:07:58,620 - supply_chain_pipeline - INFO - Return metrics calculated successfully
2025-08-06 14:07:58,621 - supply_chain_pipeline - INFO - All supply chain metrics calculated successfully
2025-08-06 14:07:58,621 - supply_chain_pipeline - INFO - Starting dashboard...
2025-08-08 09:56:53,713 - supply_chain_pipeline - INFO - Pipeline Step: SupplyChainDashboard - STARTED
2025-08-08 09:57:01,784 - supply_chain_pipeline - INFO - Pipeline Step: SupplyChainMetrics - STARTED
2025-08-08 09:57:01,784 - supply_chain_pipeline - INFO - Calculating all supply chain metrics...
2025-08-08 09:57:01,784 - supply_chain_pipeline - INFO - Calculating lead time metrics...
2025-08-08 09:57:01,841 - supply_chain_pipeline - INFO - Lead time metrics calculated successfully
2025-08-08 09:57:01,841 - supply_chain_pipeline - INFO - Calculating order cycle time...
2025-08-08 09:57:01,902 - supply_chain_pipeline - INFO - Order cycle time calculated successfully
2025-08-08 09:57:01,903 - supply_chain_pipeline - INFO - Calculating inventory turnover metrics...
2025-08-08 09:57:01,907 - supply_chain_pipeline - INFO - Inventory turnover metrics calculated successfully
2025-08-08 09:57:01,907 - supply_chain_pipeline - INFO - Calculating fill rate metrics...
2025-08-08 09:57:01,910 - supply_chain_pipeline - INFO - Fill rate metrics calculated successfully
2025-08-08 09:57:01,910 - supply_chain_pipeline - INFO - Calculating category performance metrics...
2025-08-08 09:57:01,939 - supply_chain_pipeline - INFO - Category performance metrics calculated successfully
2025-08-08 09:57:01,939 - supply_chain_pipeline - INFO - Calculating return metrics...
2025-08-08 09:57:02,928 - supply_chain_pipeline - INFO - Return metrics calculated successfully
2025-08-08 09:57:02,929 - supply_chain_pipeline - INFO - All supply chain metrics calculated successfully
2025-08-08 09:57:02,929 - supply_chain_pipeline - INFO - Starting dashboard...
2025-08-08 10:07:03,488 - supply_chain_pipeline - INFO - Pipeline Step: SupplyChainDashboard - STARTED
2025-08-08 10:07:11,296 - supply_chain_pipeline - INFO - Pipeline Step: SupplyChainMetrics - STARTED
2025-08-08 10:07:11,297 - supply_chain_pipeline - INFO - Calculating all supply chain metrics...
2025-08-08 10:07:11,297 - supply_chain_pipeline - INFO - Calculating lead time metrics...
2025-08-08 10:07:11,344 - supply_chain_pipeline - INFO - Lead time metrics calculated successfully
2025-08-08 10:07:11,350 - supply_chain_pipeline - INFO - Calculating order cycle time...
2025-08-08 10:07:11,401 - supply_chain_pipeline - INFO - Order cycle time calculated successfully
2025-08-08 10:07:11,401 - supply_chain_pipeline - INFO - Calculating inventory turnover metrics...
2025-08-08 10:07:11,406 - supply_chain_pipeline - INFO - Inventory turnover metrics calculated successfully
2025-08-08 10:07:11,407 - supply_chain_pipeline - INFO - Calculating fill rate metrics...
2025-08-08 10:07:11,409 - supply_chain_pipeline - INFO - Fill rate metrics calculated successfully
2025-08-08 10:07:11,410 - supply_chain_pipeline - INFO - Calculating category performance metrics...
2025-08-08 10:07:11,455 - supply_chain_pipeline - INFO - Category performance metrics calculated successfully
2025-08-08 10:07:11,455 - supply_chain_pipeline - INFO - Calculating return metrics...
2025-08-08 10:07:12,145 - supply_chain_pipeline - INFO - Return metrics calculated successfully
2025-08-08 10:07:12,147 - supply_chain_pipeline - INFO - All supply chain metrics calculated successfully
2025-08-08 10:07:12,147 - supply_chain_pipeline - INFO - Starting dashboard...
